<?xml version="1.0" encoding="UTF-8"?>
<!-- Generated by org.testng.reporters.JUnitReportReporter -->
<testsuite hostname="LAPTOP-AMDFCMQH" failures="0" tests="2" name="limitOrderEntry.OrderEntry" time="13.157" errors="0" timestamp="2020-10-20T20:11:45 IST" skipped="0">
  <testcase classname="limitOrderEntry.OrderEntry" name="limitOrderEntry" time="8.522"/>
  <system-out/>
  <testcase classname="limitOrderEntry.OrderEntry" name="workflowBlotter" time="4.635"/>
  <system-out/>
</testsuite> <!-- limitOrderEntry.OrderEntry -->
