<?xml version="1.0" encoding="UTF-8"?>
<!-- Generated by org.testng.reporters.JUnitReportReporter -->
<testsuite hostname="LAPTOP-AMDFCMQH" failures="0" tests="2" name="amazonShareCode.PostTradeActions" time="6.607" errors="0" timestamp="2020-10-21T12:40:46 IST" skipped="0">
  <testcase classname="amazonShareCode.PostTradeActions" name="actions" time="4.570"/>
  <system-out/>
  <testcase classname="amazonShareCode.PostTradeActions" name="sendItems" time="2.037"/>
  <system-out/>
</testsuite> <!-- amazonShareCode.PostTradeActions -->
