<?xml version="1.0" encoding="UTF-8"?>
<!-- Generated by org.testng.reporters.JUnitReportReporter -->
<testsuite hostname="LAPTOP-AMDFCMQH" failures="0" tests="2" name="amazonShareCode.OrderEntry" time="2.544" errors="0" timestamp="2020-10-21T12:20:21 IST" skipped="0">
  <testcase classname="amazonShareCode.OrderEntry" name="sendItems" time="2.541"/>
  <system-out/>
  <testcase classname="amazonShareCode.OrderEntry" name="getNames" time="0.003"/>
  <system-out/>
</testsuite> <!-- amazonShareCode.OrderEntry -->
